2025-02-20 22:55:12,671 - world_scanner - INFO - === Starting new scan session ===
2025-02-20 22:55:12,671 - world_scanner - INFO - Log file created at: scan_logs\scan_log_20250220-225512.txt
2025-02-20 22:55:12,681 - world_scanner - INFO - Starting coordinate detection...
2025-02-20 22:55:12,682 - world_scanner - INFO - Using scanner settings: {'minimap_left': 7, 'minimap_top': 1130, 'minimap_width': 223, 'minimap_height': 260}
2025-02-20 22:55:12,682 - world_scanner - DEBUG - Coordinate regions defined:
2025-02-20 22:55:12,682 - world_scanner - DEBUG - x: {'left': 12, 'top': 1358, 'width': 35, 'height': 20}
2025-02-20 22:55:12,682 - world_scanner - DEBUG - y: {'left': 72, 'top': 1358, 'width': 35, 'height': 20}
2025-02-20 22:55:12,683 - world_scanner - DEBUG - k: {'left': 132, 'top': 1358, 'width': 25, 'height': 20}
2025-02-20 22:55:12,705 - world_scanner - DEBUG - Processing x coordinate region
2025-02-20 22:55:12,869 - world_scanner - ERROR - Error reading coordinates: tesseract is not installed or it's not in your PATH. See README file for more information.
Traceback (most recent call last):
  File "D:\OneDrive\AI\Projekte\Bot\venv_tb\Lib\site-packages\pytesseract\pytesseract.py", line 275, in run_tesseract
    proc = subprocess.Popen(cmd_args, **subprocess_args())
           ^^^^^^^^^^^^^^^^^^^^^^^^^^^^^^^^^^^^^^^^^^^^^^^
  File "C:\Users\schrd\miniforge3\Lib\subprocess.py", line 1026, in __init__
    self._execute_child(args, executable, preexec_fn, close_fds,
  File "C:\Users\schrd\miniforge3\Lib\subprocess.py", line 1538, in _execute_child
    hp, ht, pid, tid = _winapi.CreateProcess(executable, args,
                       ^^^^^^^^^^^^^^^^^^^^^^^^^^^^^^^^^^^^^^^
FileNotFoundError: [WinError 2] Das System kann die angegebene Datei nicht finden

During handling of the above exception, another exception occurred:

Traceback (most recent call last):
  File "d:\OneDrive\AI\Projekte\Bot\world_scanner.py", line 141, in get_current_position
    text = pytesseract.image_to_string(
           ^^^^^^^^^^^^^^^^^^^^^^^^^^^^
  File "D:\OneDrive\AI\Projekte\Bot\venv_tb\Lib\site-packages\pytesseract\pytesseract.py", line 486, in image_to_string
    return {
           ^
  File "D:\OneDrive\AI\Projekte\Bot\venv_tb\Lib\site-packages\pytesseract\pytesseract.py", line 489, in <lambda>
    Output.STRING: lambda: run_and_get_output(*args),
                           ^^^^^^^^^^^^^^^^^^^^^^^^^
  File "D:\OneDrive\AI\Projekte\Bot\venv_tb\Lib\site-packages\pytesseract\pytesseract.py", line 352, in run_and_get_output
    run_tesseract(**kwargs)
  File "D:\OneDrive\AI\Projekte\Bot\venv_tb\Lib\site-packages\pytesseract\pytesseract.py", line 280, in run_tesseract
    raise TesseractNotFoundError()
pytesseract.pytesseract.TesseractNotFoundError: tesseract is not installed or it's not in your PATH. See README file for more information.
2025-02-20 22:55:12,882 - world_scanner - INFO - === Ending scan session ===
